[debug] [2024-03-12T18:33:23.481Z] ----------------------------------------------------------------------
[debug] [2024-03-12T18:33:23.487Z] Command:       /usr/local/bin/node /usr/local/bin/firebase init
[debug] [2024-03-12T18:33:23.487Z] CLI Version:   13.4.1
[debug] [2024-03-12T18:33:23.488Z] Platform:      darwin
[debug] [2024-03-12T18:33:23.488Z] Node Version:  v20.11.0
[debug] [2024-03-12T18:33:23.488Z] Time:          Wed Mar 13 2024 00:03:23 GMT+0530 (India Standard Time)
[debug] [2024-03-12T18:33:23.488Z] ----------------------------------------------------------------------
[debug] 
[debug] [2024-03-12T18:33:23.490Z] > command requires scopes: ["email","openid","https://www.googleapis.com/auth/cloudplatformprojects.readonly","https://www.googleapis.com/auth/firebase","https://www.googleapis.com/auth/cloud-platform"]
[debug] [2024-03-12T18:33:23.490Z] > authorizing via signed-in user (av859669@gmail.com)
[info] 
     ######## #### ########  ######## ########     ###     ######  ########
     ##        ##  ##     ## ##       ##     ##  ##   ##  ##       ##
     ######    ##  ########  ######   ########  #########  ######  ######
     ##        ##  ##    ##  ##       ##     ## ##     ##       ## ##
     ##       #### ##     ## ######## ########  ##     ##  ######  ########

You're about to initialize a Firebase project in this directory:

  /Users/vinodkumar/Desktop/Projects/live-posts

[info] 
=== Project Setup
[info] 
[info] First, let's associate this project directory with a Firebase project.
[info] You can create multiple project aliases by running firebase use --add, 
[info] but for now we'll just set up a default project.
[info] 
[debug] [2024-03-12T18:34:10.514Z] >>> [apiv2][query] GET https://firebase.googleapis.com/v1beta1/projects pageSize=100
[debug] [2024-03-12T18:34:11.323Z] <<< [apiv2][status] GET https://firebase.googleapis.com/v1beta1/projects 200
[debug] [2024-03-12T18:34:11.323Z] <<< [apiv2][body] GET https://firebase.googleapis.com/v1beta1/projects [omitted]
[info] i  Using project live-posts-b785c (live-posts) 
[info] 
=== Hosting Setup
[debug] [2024-03-12T18:34:13.409Z] >>> [apiv2][query] GET https://firebase.googleapis.com/v1beta1/projects/live-posts-b785c [none]
[debug] [2024-03-12T18:34:13.773Z] <<< [apiv2][status] GET https://firebase.googleapis.com/v1beta1/projects/live-posts-b785c 200
[debug] [2024-03-12T18:34:13.774Z] <<< [apiv2][body] GET https://firebase.googleapis.com/v1beta1/projects/live-posts-b785c {"projectId":"live-posts-b785c","projectNumber":"1068862122750","displayName":"live-posts","name":"projects/live-posts-b785c","resources":{"hostingSite":"live-posts-b785c","realtimeDatabaseInstance":"live-posts-b785c-default-rtdb"},"state":"ACTIVE","etag":"1_9f6a4044-c749-4844-8b1c-806c7f10d825"}
[info] 
[info] Your public directory is the folder (relative to your project directory) that
[info] will contain Hosting assets to be uploaded with firebase deploy. If you
[info] have a build process for your assets, use your build's output directory.
[info] 
